mode: set
belajar-go-echo/features/user/controller/handler.go:14.56,18.2 1 1
belajar-go-echo/features/user/controller/handler.go:20.65,23.20 3 1
belajar-go-echo/features/user/controller/handler.go:23.20,27.3 1 0
belajar-go-echo/features/user/controller/handler.go:29.2,35.21 3 1
belajar-go-echo/features/user/controller/handler.go:35.21,39.3 1 1
belajar-go-echo/features/user/controller/handler.go:41.2,44.4 1 1
belajar-go-echo/features/user/controller/handler.go:47.66,50.16 2 1
belajar-go-echo/features/user/controller/handler.go:50.16,54.3 1 1
belajar-go-echo/features/user/controller/handler.go:56.2,59.4 1 1
belajar-go-echo/features/user/controller/handler.go:62.60,65.20 3 1
belajar-go-echo/features/user/controller/handler.go:65.20,69.3 1 0
belajar-go-echo/features/user/controller/handler.go:71.2,77.16 3 1
belajar-go-echo/features/user/controller/handler.go:77.16,81.3 1 1
belajar-go-echo/features/user/controller/handler.go:83.2,87.4 1 1
